#
# A fatal error has been detected by the Java Runtime Environment:
#
#  SIGBUS (0xa) at pc=0x000000010314eeb9, pid=72930, tid=44835
#
# JRE version: Java(TM) SE Runtime Environment (8.0_25-b17) (build 1.8.0_25-b17)
# Java VM: Java HotSpot(TM) 64-Bit Server VM (25.25-b02 mixed mode bsd-amd64 compressed oops)
# Problematic frame:
# C  [libzip.dylib+0x2eb9]  newEntry+0x154
#
# Failed to write core dump. Core dumps have been disabled. To enable core dumping, try "ulimit -c unlimited" before starting Java again
#
# If you would like to submit a bug report, please visit:
#   http://bugreport.sun.com/bugreport/crash.jsp
# The crash happened outside the Java Virtual Machine in native code.
# See problematic frame for where to report the bug.
#

---------------  T H R E A D  ---------------

Current thread (0x00007f9ce5851800):  JavaThread "Thread-2" [_thread_in_native, id=44835, stack(0x000070000270c000,0x000070000280c000)]

siginfo: si_signo: 10 (SIGBUS), si_code: 2 (BUS_ADRERR), si_addr: 0x0000000121dd6d89

Registers:
RAX=0x00007f9ce3c21890, RBX=0x0000000121dd6d7d, RCX=0x0000000000000000, RDX=0x0000000000000000
RSP=0x0000700002809770, RBP=0x00007000028097d0, RSI=0x00007f9ce3d00000, RDI=0x0000000102db8c00
R8 =0x0000000000000004, R9 =0x00000000fff80000, R10=0x00000000a7abebcc, R11=0x00007f9ce3d00000
R12=0x0000000121e75000, R13=0x0000000000085ae0, R14=0x000000008fb85fb3, R15=0x00007f9ce6d48b20
RIP=0x000000010314eeb9, EFLAGS=0x0000000000010206, ERR=0x0000000000000004
  TRAPNO=0x000000000000000e

Top of Stack: (sp=0x0000700002809770)
0x0000700002809770:   00007f9ce6da0300 00000000e6da06d8
0x0000700002809780:   00000000000003d8 0000700002809920
0x0000700002809790:   00007000028097b0 00007f9ce3c21890
0x00007000028097a0:   00007f9ce3d0dce0 00007f9ce3c21890
0x00007000028097b0:   0000000121e75000 0000000000085ae0
0x00007000028097c0:   000000008fb85fb3 00007f9ce6d48b20
0x00007000028097d0:   0000700002809830 000000010314f554
0x00007000028097e0:   0000700002809881 0000700002809880
0x00007000028097f0:   0000003100000000 0000003201851800
0x0000700002809800:   000070000280984e 0000700002809c98
0x0000700002809810:   0000000000000032 000070000280984e
0x0000700002809820:   00007f9ce3c21890 00007f9ce58519e8
0x0000700002809830:   0000700002809c80 000000010314e34f
0x0000700002809840:   0000700000000004 726f000100000001
0x0000700002809850:   6568636170612f67 2f706f6f6461682f
0x0000700002809860:   7568532f6c697475 6f6f486e776f6474
0x0000700002809870:   726567616e614d6b 7373616c632e3224
0x0000700002809880:   0000000000000000 000000000000ffff
0x0000700002809890:   0000700002809c30 00007000028098a8
0x00007000028098a0:   0000000000000000 00000001047ac708
0x00007000028098b0:   0000000000000001 0000700002809a5c
0x00007000028098c0:   0000000000000004 0000700002809a57
0x00007000028098d0:   0000000000000009 00007f9ce5851800
0x00007000028098e0:   000000011da4f388 00007f9ce5851800
0x00007000028098f0:   000000011da4f388 000000011dd1c670
0x0000700002809900:   00007f9ce5851800 00007f9ce5851800
0x0000700002809910:   0000700002809bb0 0000000105161fda
0x0000700002809920:   000000000000037f 5800000000000000
0x0000700002809930:   0000000000000000 0000ffff00001fa0
0x0000700002809940:   0000000000000000 000000000000ffff
0x0000700002809950:   0000000000000100 000000000000ffff
0x0000700002809960:   0000000000000000 0000000000000000 

Instructions: (pc=0x000000010314eeb9)
0x000000010314ee99:   49 8b 7f 38 e8 50 1b 00 00 4d 89 77 38 49 89 5f
0x000000010314eea9:   40 4c 89 f0 48 85 c0 0f 84 11 05 00 00 48 89 c3
0x000000010314eeb9:   0f b6 43 0c 0f b6 4b 0d 48 c1 e1 08 48 01 c1 0f
0x000000010314eec9:   b6 43 0e 0f b6 53 0f 48 c1 e2 08 48 01 c2 48 c1 

Register to memory mapping:

RAX=0x00007f9ce3c21890 is an unknown value
RBX=0x0000000121dd6d7d is an unknown value
RCX=0x0000000000000000 is an unknown value
RDX=0x0000000000000000 is an unknown value
RSP=0x0000700002809770 is pointing into the stack for thread: 0x00007f9ce5851800
RBP=0x00007000028097d0 is pointing into the stack for thread: 0x00007f9ce5851800
RSI=0x00007f9ce3d00000 is an unknown value
RDI=0x0000000102db8c00 is an unknown value
R8 =0x0000000000000004 is an unknown value
R9 =0x00000000fff80000 is an unknown value
R10=0x00000000a7abebcc is an unknown value
R11=0x00007f9ce3d00000 is an unknown value
R12=0x0000000121e75000 is an unknown value
R13=0x0000000000085ae0 is an unknown value
R14=0x000000008fb85fb3 is an unknown value
R15=0x00007f9ce6d48b20 is an unknown value


Stack: [0x000070000270c000,0x000070000280c000],  sp=0x0000700002809770,  free space=1013k
Native frames: (J=compiled Java code, j=interpreted, Vv=VM code, C=native code)
C  [libzip.dylib+0x2eb9]  newEntry+0x154
C  [libzip.dylib+0x3554]  ZIP_GetEntry2+0xd4
C  [libzip.dylib+0x234f]  Java_java_util_zip_ZipFile_getEntry+0xcf
J 215  java.util.zip.ZipFile.getEntry(J[BZ)J (0 bytes) @ 0x00000001052a120e [0x00000001052a1140+0xce]
J 1915 C2 java.net.URLClassLoader$1.run()Ljava/lang/Object; (5 bytes) @ 0x00000001058c4694 [0x00000001058c40c0+0x5d4]

Java frames: (J=compiled Java code, j=interpreted, Vv=VM code)
J 215  java.util.zip.ZipFile.getEntry(J[BZ)J (0 bytes) @ 0x00000001052a1198 [0x00000001052a1140+0x58]
J 1915 C2 java.net.URLClassLoader$1.run()Ljava/lang/Object; (5 bytes) @ 0x00000001058c4694 [0x00000001058c40c0+0x5d4]
v  ~StubRoutines::call_stub
J 261  java.security.AccessController.doPrivileged(Ljava/security/PrivilegedExceptionAction;Ljava/security/AccessControlContext;)Ljava/lang/Object; (0 bytes) @ 0x00000001052ba163 [0x00000001052ba100+0x63]
J 1912 C2 java.net.URLClassLoader.findClass(Ljava/lang/String;)Ljava/lang/Class; (29 bytes) @ 0x000000010574b464 [0x000000010574b3c0+0xa4]
J 1853 C2 java.lang.ClassLoader.loadClass(Ljava/lang/String;Z)Ljava/lang/Class; (122 bytes) @ 0x00000001057312e4 [0x00000001057308a0+0xa44]
J 245 C1 sun.misc.Launcher$AppClassLoader.loadClass(Ljava/lang/String;Z)Ljava/lang/Class; (40 bytes) @ 0x00000001052b67f4 [0x00000001052b63c0+0x434]
J 244 C1 java.lang.ClassLoader.loadClass(Ljava/lang/String;)Ljava/lang/Class; (7 bytes) @ 0x00000001052b6084 [0x00000001052b5f80+0x104]
v  ~StubRoutines::call_stub
j  org.apache.hadoop.util.ShutdownHookManager.getShutdownHooksInOrder()Ljava/util/List;+34
j  org.apache.hadoop.util.ShutdownHookManager$1.run()V+13
v  ~StubRoutines::call_stub

---------------  P R O C E S S  ---------------

Java Threads: ( => current thread )
  0x00007f9ce703c800 JavaThread "Thread-12" [_thread_blocked, id=36615, stack(0x000070000280f000,0x000070000290f000)]
=>0x00007f9ce5851800 JavaThread "Thread-2" [_thread_in_native, id=44835, stack(0x000070000270c000,0x000070000280c000)]
  0x00007f9ce933e800 JavaThread "SIGINT handler" daemon [_thread_blocked, id=45927, stack(0x00007000015d9000,0x00007000016d9000)]
  0x00007f9ce5d0f800 JavaThread "dw-234" [_thread_blocked, id=46167, stack(0x00007000016dc000,0x00007000017dc000)]
  0x00007f9ce442a000 JavaThread "Scheduler-762509150" [_thread_blocked, id=31751, stack(0x0000700002506000,0x0000700002606000)]
  0x00007f9ce489a000 JavaThread "dw-31" [_thread_blocked, id=31235, stack(0x0000700002403000,0x0000700002503000)]
  0x00007f9ce7113000 JavaThread "dw-29" [_thread_blocked, id=30723, stack(0x0000700002300000,0x0000700002400000)]
  0x00007f9ce47f7000 JavaThread "DestroyJavaVM" [_thread_blocked, id=5891, stack(0x000070000011a000,0x000070000021a000)]
  0x00007f9ce7853000 JavaThread "dw-28" [_thread_blocked, id=30211, stack(0x00007000021fd000,0x00007000022fd000)]
  0x00007f9ce8065000 JavaThread "dw-27" [_thread_blocked, id=29703, stack(0x00007000020fa000,0x00007000021fa000)]
  0x00007f9ce59c2800 JavaThread "dw-24-selector-ServerConnectorManager@66613516/7" [_thread_in_native, id=29187, stack(0x0000700001ff7000,0x00007000020f7000)]
  0x00007f9ce5a6d000 JavaThread "dw-23-selector-ServerConnectorManager@66613516/6" [_thread_in_native, id=28675, stack(0x0000700001ef4000,0x0000700001ff4000)]
  0x00007f9ce63e3800 JavaThread "dw-22-selector-ServerConnectorManager@66613516/5" [_thread_in_native, id=28163, stack(0x0000700001df1000,0x0000700001ef1000)]
  0x00007f9ce63e2800 JavaThread "dw-21-selector-ServerConnectorManager@66613516/4" [_thread_in_native, id=27651, stack(0x0000700001cee000,0x0000700001dee000)]
  0x00007f9ce5247800 JavaThread "dw-20-selector-ServerConnectorManager@66613516/3" [_thread_in_native, id=27139, stack(0x0000700001beb000,0x0000700001ceb000)]
  0x00007f9ce5247000 JavaThread "dw-19-selector-ServerConnectorManager@66613516/2" [_thread_in_native, id=26627, stack(0x0000700001ae8000,0x0000700001be8000)]
  0x00007f9ce5246000 JavaThread "dw-18-selector-ServerConnectorManager@66613516/1" [_thread_in_native, id=26115, stack(0x00007000019e5000,0x0000700001ae5000)]
  0x00007f9ce52bb000 JavaThread "dw-17-selector-ServerConnectorManager@66613516/0" [_thread_in_native, id=25603, stack(0x00007000018e2000,0x00007000019e2000)]
  0x00007f9ce63fa800 JavaThread "AsyncAppender-Worker-async-console-appender" daemon [_thread_blocked, id=25091, stack(0x00007000017df000,0x00007000018df000)]
  0x00007f9ce51fa800 JavaThread "AsyncAppender-Worker-async-console-appender" daemon [_thread_blocked, id=22019, stack(0x00007000014d6000,0x00007000015d6000)]
  0x00007f9ce402a000 JavaThread "Service Thread" daemon [_thread_blocked, id=20995, stack(0x00007000012d0000,0x00007000013d0000)]
  0x00007f9ce607d800 JavaThread "C1 CompilerThread3" daemon [_thread_blocked, id=20483, stack(0x00007000011cd000,0x00007000012cd000)]
  0x00007f9ce5025000 JavaThread "C2 CompilerThread2" daemon [_thread_blocked, id=19971, stack(0x00007000010ca000,0x00007000011ca000)]
  0x00007f9ce603d800 JavaThread "C2 CompilerThread1" daemon [_thread_blocked, id=19459, stack(0x0000700000fc7000,0x00007000010c7000)]
  0x00007f9ce5024000 JavaThread "C2 CompilerThread0" daemon [_thread_blocked, id=18947, stack(0x0000700000ec4000,0x0000700000fc4000)]
  0x00007f9ce5013000 JavaThread "Signal Dispatcher" daemon [_thread_blocked, id=15887, stack(0x0000700000dc1000,0x0000700000ec1000)]
  0x00007f9ce5007800 JavaThread "Finalizer" daemon [_thread_blocked, id=14339, stack(0x0000700000c3b000,0x0000700000d3b000)]
  0x00007f9ce4011800 JavaThread "Reference Handler" daemon [_thread_blocked, id=13827, stack(0x0000700000b38000,0x0000700000c38000)]

Other Threads:
  0x00007f9ce400d000 VMThread [stack: 0x0000700000a35000,0x0000700000b35000] [id=13315]
  0x00007f9ce402b000 WatcherThread [stack: 0x00007000013d3000,0x00007000014d3000] [id=21507]

VM state:not at safepoint (normal execution)

VM Mutex/Monitor currently owned by a thread: None

Heap:
 PSYoungGen      total 1010688K, used 2655K [0x000000076ab00000, 0x00000007c0000000, 0x00000007c0000000)
  eden space 668672K, 0% used [0x000000076ab00000,0x000000076ad97db8,0x0000000793800000)
  from space 342016K, 0% used [0x00000007ab200000,0x00000007ab200000,0x00000007c0000000)
  to   space 364544K, 0% used [0x0000000793800000,0x0000000793800000,0x00000007a9c00000)
 ParOldGen       total 713728K, used 139468K [0x00000006c0000000, 0x00000006eb900000, 0x000000076ab00000)
  object space 713728K, 19% used [0x00000006c0000000,0x00000006c8833268,0x00000006eb900000)
 Metaspace       used 34564K, capacity 34694K, committed 35072K, reserved 1079296K
  class space    used 4241K, capacity 4290K, committed 4352K, reserved 1048576K

Card table byte_map: [0x00000001144dc000,0x0000000114cdd000] byte_map_base: 0x0000000110edc000

Marking Bits: (ParMarkBitMap*) 0x0000000104a9d390
 Begin Bits: [0x0000000115233000, 0x0000000119233000)
 End Bits:   [0x0000000119233000, 0x000000011d233000)

Polling page: 0x0000000103142000

CodeCache: size=245760Kb used=9532Kb max_used=9583Kb free=236227Kb
 bounds [0x000000010511c000, 0x0000000105a9c000, 0x000000011411c000]
 total_blobs=3739 nmethods=3229 adapters=424
 compilation: enabled

Compilation events (10 events):
Event: 8202.729 Thread 0x00007f9ce607d800 nmethod 3794 0x0000000105790210 code [0x0000000105790360, 0x00000001057904b0]
Event: 8262.735 Thread 0x00007f9ce607d800 3795       3       java.util.concurrent.ConcurrentLinkedQueue::first (65 bytes)
Event: 8262.736 Thread 0x00007f9ce607d800 nmethod 3795 0x0000000105a0ab50 code [0x0000000105a0ad00, 0x0000000105a0b330]
Event: 8682.758 Thread 0x00007f9ce607d800 3796       3       java.util.concurrent.ConcurrentLinkedQueue::remove (86 bytes)
Event: 8682.759 Thread 0x00007f9ce607d800 nmethod 3796 0x0000000105a09e10 code [0x0000000105a09fe0, 0x0000000105a0a8b8]
Event: 8922.772 Thread 0x00007f9ce607d800 3797   !   3       org.eclipse.jetty.util.BlockingArrayQueue::poll (118 bytes)
Event: 8922.774 Thread 0x00007f9ce607d800 nmethod 3797 0x0000000105a08950 code [0x0000000105a08b60, 0x0000000105a09718]
Event: 11082.887 Thread 0x00007f9ce607d800 3798       3       java.util.concurrent.ConcurrentLinkedQueue::add (6 bytes)
Event: 11082.887 Thread 0x00007f9ce607d800 nmethod 3798 0x0000000105a08590 code [0x0000000105a08700, 0x0000000105a088a8]
Event: 11935.594 Thread 0x00007f9ce607d800 3799  s    3       java.util.Hashtable::containsKey (65 bytes)

GC Heap History (10 events):
Event: 119.393 GC heap before
{Heap before GC invocations=17 (full 5):
 PSYoungGen      total 915968K, used 910201K [0x000000076ab00000, 0x00000007c0000000, 0x00000007c0000000)
  eden space 685568K, 99% used [0x000000076ab00000,0x00000007942df6b0,0x0000000794880000)
  from space 230400K, 99% used [0x0000000794880000,0x00000007a297ed90,0x00000007a2980000)
  to   space 306176K, 0% used [0x00000007ad500000,0x00000007ad500000,0x00000007c0000000)
 ParOldGen       total 531968K, used 212976K [0x00000006c0000000, 0x00000006e0780000, 0x000000076ab00000)
  object space 531968K, 40% used [0x00000006c0000000,0x00000006ccffc280,0x00000006e0780000)
 Metaspace       used 34351K, capacity 34594K, committed 34816K, reserved 1079296K
  class space    used 4239K, capacity 4316K, committed 4352K, reserved 1048576K
Event: 119.512 GC heap after
Heap after GC invocations=17 (full 5):
 PSYoungGen      total 1048576K, used 227421K [0x000000076ab00000, 0x00000007c0000000, 0x00000007c0000000)
  eden space 742400K, 0% used [0x000000076ab00000,0x000000076ab00000,0x0000000798000000)
  from space 306176K, 74% used [0x00000007ad500000,0x00000007bb3174c0,0x00000007c0000000)
  to   space 327680K, 0% used [0x0000000798000000,0x0000000798000000,0x00000007ac000000)
 ParOldGen       total 531968K, used 395057K [0x00000006c0000000, 0x00000006e0780000, 0x000000076ab00000)
  object space 531968K, 74% used [0x00000006c0000000,0x00000006d81cc768,0x00000006e0780000)
 Metaspace       used 34351K, capacity 34594K, committed 34816K, reserved 1079296K
  class space    used 4239K, capacity 4316K, committed 4352K, reserved 1048576K
}
Event: 119.512 GC heap before
{Heap before GC invocations=18 (full 6):
 PSYoungGen      total 1048576K, used 227421K [0x000000076ab00000, 0x00000007c0000000, 0x00000007c0000000)
  eden space 742400K, 0% used [0x000000076ab00000,0x000000076ab00000,0x0000000798000000)
  from space 306176K, 74% used [0x00000007ad500000,0x00000007bb3174c0,0x00000007c0000000)
  to   space 327680K, 0% used [0x0000000798000000,0x0000000798000000,0x00000007ac000000)
 ParOldGen       total 531968K, used 395057K [0x00000006c0000000, 0x00000006e0780000, 0x000000076ab00000)
  object space 531968K, 74% used [0x00000006c0000000,0x00000006d81cc768,0x00000006e0780000)
 Metaspace       used 34351K, capacity 34594K, committed 34816K, reserved 1079296K
  class space    used 4239K, capacity 4316K, committed 4352K, reserved 1048576K
Event: 119.592 GC heap after
Heap after GC invocations=18 (full 6):
 PSYoungGen      total 1048576K, used 0K [0x000000076ab00000, 0x00000007c0000000, 0x00000007c0000000)
  eden space 742400K, 0% used [0x000000076ab00000,0x000000076ab00000,0x0000000798000000)
  from space 306176K, 0% used [0x00000007ad500000,0x00000007ad500000,0x00000007c0000000)
  to   space 327680K, 0% used [0x0000000798000000,0x0000000798000000,0x00000007ac000000)
 ParOldGen       total 731648K, used 250495K [0x00000006c0000000, 0x00000006eca80000, 0x000000076ab00000)
  object space 731648K, 34% used [0x00000006c0000000,0x00000006cf49ffb0,0x00000006eca80000)
 Metaspace       used 34351K, capacity 34594K, committed 34816K, reserved 1079296K
  class space    used 4239K, capacity 4316K, committed 4352K, reserved 1048576K
}
Event: 122.111 GC heap before
{Heap before GC invocations=19 (full 6):
 PSYoungGen      total 1048576K, used 738242K [0x000000076ab00000, 0x00000007c0000000, 0x00000007c0000000)
  eden space 742400K, 99% used [0x000000076ab00000,0x0000000797bf08f8,0x0000000798000000)
  from space 306176K, 0% used [0x00000007ad500000,0x00000007ad500000,0x00000007c0000000)
  to   space 327680K, 0% used [0x0000000798000000,0x0000000798000000,0x00000007ac000000)
 ParOldGen       total 731648K, used 250495K [0x00000006c0000000, 0x00000006eca80000, 0x000000076ab00000)
  object space 731648K, 34% used [0x00000006c0000000,0x00000006cf49ffb0,0x00000006eca80000)
 Metaspace       used 34398K, capacity 34594K, committed 34816K, reserved 1079296K
  class space    used 4239K, capacity 4316K, committed 4352K, reserved 1048576K
Event: 122.168 GC heap after
Heap after GC invocations=19 (full 6):
 PSYoungGen      total 1055744K, used 313163K [0x000000076ab00000, 0x00000007c0000000, 0x00000007c0000000)
  eden space 742400K, 0% used [0x000000076ab00000,0x000000076ab00000,0x0000000798000000)
  from space 313344K, 99% used [0x0000000798000000,0x00000007ab1d2e08,0x00000007ab200000)
  to   space 342016K, 0% used [0x00000007ab200000,0x00000007ab200000,0x00000007c0000000)
 ParOldGen       total 731648K, used 250503K [0x00000006c0000000, 0x00000006eca80000, 0x000000076ab00000)
  object space 731648K, 34% used [0x00000006c0000000,0x00000006cf4a1fb0,0x00000006eca80000)
 Metaspace       used 34398K, capacity 34594K, committed 34816K, reserved 1079296K
  class space    used 4239K, capacity 4316K, committed 4352K, reserved 1048576K
}
Event: 11934.962 GC heap before
{Heap before GC invocations=20 (full 6):
 PSYoungGen      total 1055744K, used 1055563K [0x000000076ab00000, 0x00000007c0000000, 0x00000007c0000000)
  eden space 742400K, 100% used [0x000000076ab00000,0x0000000798000000,0x0000000798000000)
  from space 313344K, 99% used [0x0000000798000000,0x00000007ab1d2e08,0x00000007ab200000)
  to   space 342016K, 0% used [0x00000007ab200000,0x00000007ab200000,0x00000007c0000000)
 ParOldGen       total 731648K, used 250503K [0x00000006c0000000, 0x00000006eca80000, 0x000000076ab00000)
  object space 731648K, 34% used [0x00000006c0000000,0x00000006cf4a1fb0,0x00000006eca80000)
 Metaspace       used 34646K, capacity 34850K, committed 35072K, reserved 1079296K
  class space    used 4255K, capacity 4316K, committed 4352K, reserved 1048576K
Event: 11935.276 GC heap after
Heap after GC invocations=20 (full 6):
 PSYoungGen      total 1010688K, used 78867K [0x000000076ab00000, 0x00000007c0000000, 0x00000007c0000000)
  eden space 668672K, 0% used [0x000000076ab00000,0x000000076ab00000,0x0000000793800000)
  from space 342016K, 23% used [0x00000007ab200000,0x00000007aff04ed0,0x00000007c0000000)
  to   space 364544K, 0% used [0x0000000793800000,0x0000000793800000,0x00000007a9c00000)
 ParOldGen       total 731648K, used 563487K [0x00000006c0000000, 0x00000006eca80000, 0x000000076ab00000)
  object space 731648K, 77% used [0x00000006c0000000,0x00000006e2647c80,0x00000006eca80000)
 Metaspace       used 34646K, capacity 34850K, committed 35072K, reserved 1079296K
  class space    used 4255K, capacity 4316K, committed 4352K, reserved 1048576K
}
Event: 11935.276 GC heap before
{Heap before GC invocations=21 (full 7):
 PSYoungGen      total 1010688K, used 78867K [0x000000076ab00000, 0x00000007c0000000, 0x00000007c0000000)
  eden space 668672K, 0% used [0x000000076ab00000,0x000000076ab00000,0x0000000793800000)
  from space 342016K, 23% used [0x00000007ab200000,0x00000007aff04ed0,0x00000007c0000000)
  to   space 364544K, 0% used [0x0000000793800000,0x0000000793800000,0x00000007a9c00000)
 ParOldGen       total 731648K, used 563487K [0x00000006c0000000, 0x00000006eca80000, 0x000000076ab00000)
  object space 731648K, 77% used [0x00000006c0000000,0x00000006e2647c80,0x00000006eca80000)
 Metaspace       used 34646K, capacity 34850K, committed 35072K, reserved 1079296K
  class space    used 4255K, capacity 4316K, committed 4352K, reserved 1048576K
Event: 11935.593 GC heap after
Heap after GC invocations=21 (full 7):
 PSYoungGen      total 1010688K, used 0K [0x000000076ab00000, 0x00000007c0000000, 0x00000007c0000000)
  eden space 668672K, 0% used [0x000000076ab00000,0x000000076ab00000,0x0000000793800000)
  from space 342016K, 0% used [0x00000007ab200000,0x00000007ab200000,0x00000007c0000000)
  to   space 364544K, 0% used [0x0000000793800000,0x0000000793800000,0x00000007a9c00000)
 ParOldGen       total 713728K, used 139468K [0x00000006c0000000, 0x00000006eb900000, 0x000000076ab00000)
  object space 713728K, 19% used [0x00000006c0000000,0x00000006c8833268,0x00000006eb900000)
 Metaspace       used 34561K, capacity 34694K, committed 35072K, reserved 1079296K
  class space    used 4241K, capacity 4290K, committed 4352K, reserved 1048576K
}

Deoptimization events (10 events):
Event: 55.815 Thread 0x00007f9ce725c800 Uncommon trap: reason=unreached action=reinterpret pc=0x0000000105a80e30 method=org.eclipse.jetty.io.WriteFlusher.write(Lorg/eclipse/jetty/util/Callback;[Ljava/nio/ByteBuffer;)V @ 59
Event: 55.816 Thread 0x00007f9ce725c800 Uncommon trap: reason=unreached action=reinterpret pc=0x0000000105a6cce4 method=org.eclipse.jetty.util.SharedBlockingCallback$Blocker.block()V @ 45
Event: 67.093 Thread 0x00007f9ce59fa800 Uncommon trap: reason=unreached action=reinterpret pc=0x000000010583c45c method=java.util.concurrent.ConcurrentHashMap.addCount(JI)V @ 7
Event: 70.302 Thread 0x00007f9ce51fa800 Uncommon trap: reason=class_check action=maybe_recompile pc=0x0000000105246b7c method=java.util.regex.Pattern$Caret.match(Ljava/util/regex/Matcher;ILjava/lang/CharSequence;)Z @ 120
Event: 70.302 Thread 0x00007f9ce51fa800 Uncommon trap: reason=class_check action=maybe_recompile pc=0x0000000105246b7c method=java.util.regex.Pattern$Caret.match(Ljava/util/regex/Matcher;ILjava/lang/CharSequence;)Z @ 120
Event: 70.302 Thread 0x00007f9ce51fa800 Uncommon trap: reason=class_check action=maybe_recompile pc=0x0000000105246b7c method=java.util.regex.Pattern$Caret.match(Ljava/util/regex/Matcher;ILjava/lang/CharSequence;)Z @ 120
Event: 70.302 Thread 0x00007f9ce51fa800 Uncommon trap: reason=class_check action=maybe_recompile pc=0x0000000105246b7c method=java.util.regex.Pattern$Caret.match(Ljava/util/regex/Matcher;ILjava/lang/CharSequence;)Z @ 120
Event: 104.203 Thread 0x00007f9ce52bb000 Uncommon trap: reason=unreached action=reinterpret pc=0x00000001059a8c8c method=java.util.HashSet.remove(Ljava/lang/Object;)Z @ 11
Event: 2469.843 Thread 0x00007f9ce5a17800 Uncommon trap: reason=unreached action=reinterpret pc=0x0000000105a5872c method=java.util.HashMap.removeNode(ILjava/lang/Object;Ljava/lang/Object;ZZ)Ljava/util/HashMap$Node; @ 58
Event: 2469.844 Thread 0x00007f9ce5a17800 Uncommon trap: reason=unreached action=reinterpret pc=0x00000001059a96c0 method=java.util.HashMap.removeNode(ILjava/lang/Object;Ljava/lang/Object;ZZ)Ljava/util/HashMap$Node; @ 58

Internal exceptions (10 events):
Event: 2490.104 Thread 0x00007f9ce59bf000 Exception <a 'java/security/PrivilegedActionException'> (0x000000079109b0c0) thrown at [/HUDSON3/workspace/8-2-build-macosx-x86_64/jdk8u25/1514/hotspot/src/share/vm/prims/jvm.cpp, line 1312]
Event: 2490.104 Thread 0x00007f9ce59bf000 Exception <a 'java/security/PrivilegedActionException'> (0x000000079109d390) thrown at [/HUDSON3/workspace/8-2-build-macosx-x86_64/jdk8u25/1514/hotspot/src/share/vm/prims/jvm.cpp, line 1312]
Event: 2490.104 Thread 0x00007f9ce59bf000 Exception <a 'java/security/PrivilegedActionException'> (0x000000079109f840) thrown at [/HUDSON3/workspace/8-2-build-macosx-x86_64/jdk8u25/1514/hotspot/src/share/vm/prims/jvm.cpp, line 1312]
Event: 2490.105 Thread 0x00007f9ce59bf000 Exception <a 'java/security/PrivilegedActionException'> (0x00000007910a1c28) thrown at [/HUDSON3/workspace/8-2-build-macosx-x86_64/jdk8u25/1514/hotspot/src/share/vm/prims/jvm.cpp, line 1312]
Event: 2490.105 Thread 0x00007f9ce59bf000 Exception <a 'java/security/PrivilegedActionException'> (0x00000007910a3f70) thrown at [/HUDSON3/workspace/8-2-build-macosx-x86_64/jdk8u25/1514/hotspot/src/share/vm/prims/jvm.cpp, line 1312]
Event: 2490.105 Thread 0x00007f9ce59bf000 Exception <a 'java/security/PrivilegedActionException'> (0x00000007910a6240) thrown at [/HUDSON3/workspace/8-2-build-macosx-x86_64/jdk8u25/1514/hotspot/src/share/vm/prims/jvm.cpp, line 1312]
Event: 2490.105 Thread 0x00007f9ce59bf000 Exception <a 'java/security/PrivilegedActionException'> (0x00000007910aab90) thrown at [/HUDSON3/workspace/8-2-build-macosx-x86_64/jdk8u25/1514/hotspot/src/share/vm/prims/jvm.cpp, line 1312]
Event: 2490.106 Thread 0x00007f9ce59bf000 Exception <a 'java/security/PrivilegedActionException'> (0x00000007910aeec8) thrown at [/HUDSON3/workspace/8-2-build-macosx-x86_64/jdk8u25/1514/hotspot/src/share/vm/prims/jvm.cpp, line 1312]
Event: 2490.310 Thread 0x00007f9ce5a17800 Exception <a 'java/security/PrivilegedActionException'> (0x00000007916111f0) thrown at [/HUDSON3/workspace/8-2-build-macosx-x86_64/jdk8u25/1514/hotspot/src/share/vm/prims/jvm.cpp, line 1312]
Event: 11935.594 Thread 0x00007f9ce5851800 Exception <a 'java/security/PrivilegedActionException'> (0x000000076ab9fbc8) thrown at [/HUDSON3/workspace/8-2-build-macosx-x86_64/jdk8u25/1514/hotspot/src/share/vm/prims/jvm.cpp, line 1312]

Events (10 events):
Event: 11934.961 loading class sun/misc/Signal$1 done
Event: 11934.962 Thread 0x00007f9ce933e800 Thread added: 0x00007f9ce933e800
Event: 11934.962 Executing VM operation: ParallelGCFailedAllocation
Event: 11935.593 Executing VM operation: ParallelGCFailedAllocation done
Event: 11935.594 Thread 0x00007f9ce5bdb800 Thread added: 0x00007f9ce5bdb800
Event: 11935.594 Thread 0x00007f9ce5851800 Thread added: 0x00007f9ce5851800
Event: 11935.594 Thread 0x00007f9ce703c800 Thread added: 0x00007f9ce703c800
Event: 11935.594 loading class org/apache/hadoop/util/ShutdownHookManager$2
Event: 11935.594 loading class org/apache/hadoop/util/ShutdownHookManager$2 done
Event: 11935.594 Thread 0x00007f9ce5bdb800 Thread exited: 0x00007f9ce5bdb800


Dynamic libraries:
0x00000000016cd000 	/System/Library/Frameworks/Cocoa.framework/Versions/A/Cocoa
0x00000000016cd000 	/System/Library/Frameworks/Security.framework/Versions/A/Security
0x00000000016cd000 	/System/Library/Frameworks/ApplicationServices.framework/Versions/A/ApplicationServices
0x00000000016cd000 	/usr/lib/libz.1.dylib
0x00000000016cd000 	/usr/lib/libSystem.B.dylib
0x00000000016cd000 	/usr/lib/libobjc.A.dylib
0x00000000016cd000 	/System/Library/Frameworks/CoreFoundation.framework/Versions/A/CoreFoundation
0x00000000016cd000 	/System/Library/Frameworks/Foundation.framework/Versions/C/Foundation
0x00000000016cd000 	/System/Library/Frameworks/AppKit.framework/Versions/C/AppKit
0x00000000016cd000 	/System/Library/Frameworks/CoreData.framework/Versions/A/CoreData
0x00000000016cd000 	/System/Library/PrivateFrameworks/RemoteViewServices.framework/Versions/A/RemoteViewServices
0x00000000016cd000 	/System/Library/PrivateFrameworks/UIFoundation.framework/Versions/A/UIFoundation
0x00000000016cd000 	/usr/lib/libScreenReader.dylib
0x00000000016cd000 	/System/Library/Frameworks/Accelerate.framework/Versions/A/Accelerate
0x00000000016cd000 	/System/Library/Frameworks/IOSurface.framework/Versions/A/IOSurface
0x00000000016cd000 	/System/Library/Frameworks/AudioToolbox.framework/Versions/A/AudioToolbox
0x00000000016cd000 	/System/Library/Frameworks/AudioUnit.framework/Versions/A/AudioUnit
0x00000000016cd000 	/System/Library/PrivateFrameworks/DataDetectorsCore.framework/Versions/A/DataDetectorsCore
0x00000000016cd000 	/System/Library/PrivateFrameworks/DesktopServicesPriv.framework/Versions/A/DesktopServicesPriv
0x00000000016cd000 	/System/Library/Frameworks/Carbon.framework/Versions/A/Frameworks/HIToolbox.framework/Versions/A/HIToolbox
0x00000000016cd000 	/System/Library/Frameworks/QuartzCore.framework/Versions/A/QuartzCore
0x00000000016cd000 	/System/Library/Frameworks/Carbon.framework/Versions/A/Frameworks/SpeechRecognition.framework/Versions/A/SpeechRecognition
0x00000000016cd000 	/usr/lib/libauto.dylib
0x00000000016cd000 	/usr/lib/libicucore.A.dylib
0x00000000016cd000 	/usr/lib/libxml2.2.dylib
0x00000000016cd000 	/System/Library/PrivateFrameworks/CoreUI.framework/Versions/A/CoreUI
0x00000000016cd000 	/System/Library/Frameworks/CoreAudio.framework/Versions/A/CoreAudio
0x00000000016cd000 	/System/Library/Frameworks/DiskArbitration.framework/Versions/A/DiskArbitration
0x00000000016cd000 	/usr/lib/liblangid.dylib
0x00000000016cd000 	/System/Library/PrivateFrameworks/MultitouchSupport.framework/Versions/A/MultitouchSupport
0x00000000016cd000 	/System/Library/Frameworks/IOKit.framework/Versions/A/IOKit
0x00000000016cd000 	/usr/lib/libDiagnosticMessagesClient.dylib
0x00000000016cd000 	/System/Library/Frameworks/CoreServices.framework/Versions/A/CoreServices
0x00000000016cd000 	/System/Library/PrivateFrameworks/PerformanceAnalysis.framework/Versions/A/PerformanceAnalysis
0x00000000016cd000 	/System/Library/PrivateFrameworks/GenerationalStorage.framework/Versions/A/GenerationalStorage
0x00000000016cd000 	/System/Library/Frameworks/OpenGL.framework/Versions/A/OpenGL
0x00000000016cd000 	/System/Library/PrivateFrameworks/Sharing.framework/Versions/A/Sharing
0x00000000016cd000 	/System/Library/Frameworks/CoreGraphics.framework/Versions/A/CoreGraphics
0x00000000016cd000 	/System/Library/Frameworks/CoreImage.framework/Versions/A/CoreImage
0x00000000016cd000 	/System/Library/Frameworks/CoreText.framework/Versions/A/CoreText
0x00000000016cd000 	/System/Library/Frameworks/ImageIO.framework/Versions/A/ImageIO
0x00000000016cd000 	/System/Library/PrivateFrameworks/Backup.framework/Versions/A/Backup
0x00000000016cd000 	/usr/lib/libextension.dylib
0x00000000016cd000 	/usr/lib/libarchive.2.dylib
0x00000000016cd000 	/System/Library/Frameworks/CFNetwork.framework/Versions/A/CFNetwork
0x00000000016cd000 	/System/Library/Frameworks/SystemConfiguration.framework/Versions/A/SystemConfiguration
0x00000000016cd000 	/usr/lib/libCRFSuite.dylib
0x00000000016cd000 	/usr/lib/libc++.1.dylib
0x00000000016cd000 	/usr/lib/libc++abi.dylib
0x00000000016cd000 	/usr/lib/system/libcache.dylib
0x00000000016cd000 	/usr/lib/system/libcommonCrypto.dylib
0x00000000016cd000 	/usr/lib/system/libcompiler_rt.dylib
0x00000000016cd000 	/usr/lib/system/libcopyfile.dylib
0x00000000016cd000 	/usr/lib/system/libcorecrypto.dylib
0x00000000016cd000 	/usr/lib/system/libdispatch.dylib
0x00000000016cd000 	/usr/lib/system/libdyld.dylib
0x00000000016cd000 	/usr/lib/system/libkeymgr.dylib
0x00000000016cd000 	/usr/lib/system/liblaunch.dylib
0x00000000016cd000 	/usr/lib/system/libmacho.dylib
0x00000000016cd000 	/usr/lib/system/libquarantine.dylib
0x00000000016cd000 	/usr/lib/system/libremovefile.dylib
0x00000000016cd000 	/usr/lib/system/libsystem_asl.dylib
0x00000000016cd000 	/usr/lib/system/libsystem_blocks.dylib
0x00000000016cd000 	/usr/lib/system/libsystem_c.dylib
0x00000000016cd000 	/usr/lib/system/libsystem_configuration.dylib
0x00000000016cd000 	/usr/lib/system/libsystem_coreservices.dylib
0x00000000016cd000 	/usr/lib/system/libsystem_coretls.dylib
0x00000000016cd000 	/usr/lib/system/libsystem_dnssd.dylib
0x00000000016cd000 	/usr/lib/system/libsystem_info.dylib
0x00000000016cd000 	/usr/lib/system/libsystem_kernel.dylib
0x00000000016cd000 	/usr/lib/system/libsystem_m.dylib
0x00000000016cd000 	/usr/lib/system/libsystem_malloc.dylib
0x00000000016cd000 	/usr/lib/system/libsystem_network.dylib
0x00000000016cd000 	/usr/lib/system/libsystem_networkextension.dylib
0x00000000016cd000 	/usr/lib/system/libsystem_notify.dylib
0x00000000016cd000 	/usr/lib/system/libsystem_platform.dylib
0x00000000016cd000 	/usr/lib/system/libsystem_pthread.dylib
0x00000000016cd000 	/usr/lib/system/libsystem_sandbox.dylib
0x00000000016cd000 	/usr/lib/system/libsystem_secinit.dylib
0x00000000016cd000 	/usr/lib/system/libsystem_trace.dylib
0x00000000016cd000 	/usr/lib/system/libunc.dylib
0x00000000016cd000 	/usr/lib/system/libunwind.dylib
0x00000000016cd000 	/usr/lib/system/libxpc.dylib
0x00000000016cd000 	/usr/lib/libenergytrace.dylib
0x00000000016cd000 	/usr/lib/libbsm.0.dylib
0x00000000016cd000 	/usr/lib/system/libkxld.dylib
0x00000000016cd000 	/usr/lib/libxar.1.dylib
0x00000000016cd000 	/usr/lib/libsqlite3.dylib
0x00000000016cd000 	/usr/lib/libpam.2.dylib
0x00000000016cd000 	/usr/lib/libOpenScriptingUtil.dylib
0x00000000016cd000 	/usr/lib/libbz2.1.0.dylib
0x00000000016cd000 	/usr/lib/liblzma.5.dylib
0x00000000016cd000 	/System/Library/Frameworks/CoreServices.framework/Versions/A/Frameworks/FSEvents.framework/Versions/A/FSEvents
0x00000000016cd000 	/System/Library/Frameworks/CoreServices.framework/Versions/A/Frameworks/CarbonCore.framework/Versions/A/CarbonCore
0x00000000016cd000 	/System/Library/Frameworks/CoreServices.framework/Versions/A/Frameworks/Metadata.framework/Versions/A/Metadata
0x00000000016cd000 	/System/Library/Frameworks/CoreServices.framework/Versions/A/Frameworks/OSServices.framework/Versions/A/OSServices
0x00000000016cd000 	/System/Library/Frameworks/CoreServices.framework/Versions/A/Frameworks/SearchKit.framework/Versions/A/SearchKit
0x00000000016cd000 	/System/Library/Frameworks/CoreServices.framework/Versions/A/Frameworks/AE.framework/Versions/A/AE
0x00000000016cd000 	/System/Library/Frameworks/CoreServices.framework/Versions/A/Frameworks/LaunchServices.framework/Versions/A/LaunchServices
0x00000000016cd000 	/System/Library/Frameworks/CoreServices.framework/Versions/A/Frameworks/DictionaryServices.framework/Versions/A/DictionaryServices
0x00000000016cd000 	/System/Library/Frameworks/CoreServices.framework/Versions/A/Frameworks/SharedFileList.framework/Versions/A/SharedFileList
0x00000000016cd000 	/System/Library/Frameworks/NetFS.framework/Versions/A/NetFS
0x00000000016cd000 	/System/Library/PrivateFrameworks/NetAuth.framework/Versions/A/NetAuth
0x00000000016cd000 	/System/Library/PrivateFrameworks/login.framework/Versions/A/Frameworks/loginsupport.framework/Versions/A/loginsupport
0x00000000016cd000 	/System/Library/PrivateFrameworks/TCC.framework/Versions/A/TCC
0x00000000016cd000 	/usr/lib/libmecabra.dylib
0x00000000016cd000 	/System/Library/Frameworks/ApplicationServices.framework/Versions/A/Frameworks/ATS.framework/Versions/A/ATS
0x00000000016cd000 	/System/Library/Frameworks/ApplicationServices.framework/Versions/A/Frameworks/ColorSync.framework/Versions/A/ColorSync
0x00000000016cd000 	/System/Library/Frameworks/ApplicationServices.framework/Versions/A/Frameworks/HIServices.framework/Versions/A/HIServices
0x00000000016cd000 	/System/Library/Frameworks/ApplicationServices.framework/Versions/A/Frameworks/LangAnalysis.framework/Versions/A/LangAnalysis
0x00000000016cd000 	/System/Library/Frameworks/ApplicationServices.framework/Versions/A/Frameworks/PrintCore.framework/Versions/A/PrintCore
0x00000000016cd000 	/System/Library/Frameworks/ApplicationServices.framework/Versions/A/Frameworks/QD.framework/Versions/A/QD
0x00000000016cd000 	/System/Library/Frameworks/ApplicationServices.framework/Versions/A/Frameworks/SpeechSynthesis.framework/Versions/A/SpeechSynthesis
0x00000000016cd000 	/System/Library/Frameworks/Metal.framework/Versions/A/Metal
0x00000000016cd000 	/System/Library/Frameworks/Accelerate.framework/Versions/A/Frameworks/vImage.framework/Versions/A/vImage
0x00000000016cd000 	/System/Library/Frameworks/Accelerate.framework/Versions/A/Frameworks/vecLib.framework/Versions/A/vecLib
0x00000000016cd000 	/System/Library/Frameworks/Accelerate.framework/Versions/A/Frameworks/vecLib.framework/Versions/A/libvDSP.dylib
0x00000000016cd000 	/System/Library/Frameworks/Accelerate.framework/Versions/A/Frameworks/vecLib.framework/Versions/A/libvMisc.dylib
0x00000000016cd000 	/System/Library/Frameworks/Accelerate.framework/Versions/A/Frameworks/vecLib.framework/Versions/A/libLAPACK.dylib
0x00000000016cd000 	/System/Library/Frameworks/Accelerate.framework/Versions/A/Frameworks/vecLib.framework/Versions/A/libBLAS.dylib
0x00000000016cd000 	/System/Library/Frameworks/Accelerate.framework/Versions/A/Frameworks/vecLib.framework/Versions/A/libLinearAlgebra.dylib
0x00000000016cd000 	/System/Library/Frameworks/Accelerate.framework/Versions/A/Frameworks/vecLib.framework/Versions/A/libSparseBLAS.dylib
0x00000000016cd000 	/System/Library/PrivateFrameworks/GPUCompiler.framework/libmetal_timestamp.dylib
0x00000000016cd000 	/System/Library/Frameworks/OpenGL.framework/Versions/A/Libraries/libCoreFSCache.dylib
0x00000000016cd000 	/System/Library/PrivateFrameworks/IOAccelerator.framework/Versions/A/IOAccelerator
0x00000000016cd000 	/System/Library/Frameworks/ApplicationServices.framework/Versions/A/Frameworks/ATS.framework/Versions/A/Resources/libFontParser.dylib
0x00000000016cd000 	/System/Library/Frameworks/ApplicationServices.framework/Versions/A/Frameworks/ATS.framework/Versions/A/Resources/libFontRegistry.dylib
0x00000000016cd000 	/System/Library/PrivateFrameworks/AppleVPA.framework/Versions/A/AppleVPA
0x00000000016cd000 	/System/Library/PrivateFrameworks/AppleJPEG.framework/Versions/A/AppleJPEG
0x00000000016cd000 	/System/Library/Frameworks/ImageIO.framework/Versions/A/Resources/libJPEG.dylib
0x00000000016cd000 	/System/Library/Frameworks/ImageIO.framework/Versions/A/Resources/libTIFF.dylib
0x00000000016cd000 	/System/Library/Frameworks/ImageIO.framework/Versions/A/Resources/libPng.dylib
0x00000000016cd000 	/System/Library/Frameworks/ImageIO.framework/Versions/A/Resources/libGIF.dylib
0x00000000016cd000 	/System/Library/Frameworks/ImageIO.framework/Versions/A/Resources/libJP2.dylib
0x00000000016cd000 	/System/Library/Frameworks/ImageIO.framework/Versions/A/Resources/libRadiance.dylib
0x00000000016cd000 	/System/Library/Frameworks/CoreVideo.framework/Versions/A/CoreVideo
0x00000000016cd000 	/System/Library/Frameworks/OpenGL.framework/Versions/A/Libraries/libGLU.dylib
0x00000000016cd000 	/System/Library/Frameworks/OpenGL.framework/Versions/A/Libraries/libGFXShared.dylib
0x00000000016cd000 	/System/Library/Frameworks/OpenGL.framework/Versions/A/Libraries/libGL.dylib
0x00000000016cd000 	/System/Library/Frameworks/OpenGL.framework/Versions/A/Libraries/libGLImage.dylib
0x00000000016cd000 	/System/Library/Frameworks/OpenGL.framework/Versions/A/Libraries/libCVMSPluginSupport.dylib
0x00000000016cd000 	/System/Library/Frameworks/OpenGL.framework/Versions/A/Libraries/libCoreVMClient.dylib
0x00000000016cd000 	/usr/lib/libcups.2.dylib
0x00000000016cd000 	/System/Library/Frameworks/Kerberos.framework/Versions/A/Kerberos
0x00000000016cd000 	/System/Library/Frameworks/GSS.framework/Versions/A/GSS
0x00000000016cd000 	/usr/lib/libresolv.9.dylib
0x00000000016cd000 	/usr/lib/libiconv.2.dylib
0x00000000016cd000 	/System/Library/PrivateFrameworks/Heimdal.framework/Versions/A/Heimdal
0x00000000016cd000 	/usr/lib/libheimdal-asn1.dylib
0x00000000016cd000 	/System/Library/Frameworks/OpenDirectory.framework/Versions/A/OpenDirectory
0x00000000016cd000 	/System/Library/PrivateFrameworks/CommonAuth.framework/Versions/A/CommonAuth
0x00000000016cd000 	/System/Library/Frameworks/OpenDirectory.framework/Versions/A/Frameworks/CFOpenDirectory.framework/Versions/A/CFOpenDirectory
0x00000000016cd000 	/System/Library/Frameworks/SecurityFoundation.framework/Versions/A/SecurityFoundation
0x00000000016cd000 	/System/Library/PrivateFrameworks/LanguageModeling.framework/Versions/A/LanguageModeling
0x00000000016cd000 	/usr/lib/libmarisa.dylib
0x00000000016cd000 	/usr/lib/libChineseTokenizer.dylib
0x00000000016cd000 	/usr/lib/libcmph.dylib
0x00000000016cd000 	/usr/lib/libcompression.dylib
0x00000000016cd000 	/System/Library/Frameworks/ServiceManagement.framework/Versions/A/ServiceManagement
0x00000000016cd000 	/usr/lib/libxslt.1.dylib
0x00000000016cd000 	/System/Library/Frameworks/Carbon.framework/Versions/A/Frameworks/Ink.framework/Versions/A/Ink
0x00000000016cd000 	/usr/lib/libFosl_dynamic.dylib
0x00000000016cd000 	/System/Library/PrivateFrameworks/FaceCore.framework/Versions/A/FaceCore
0x00000000016cd000 	/System/Library/Frameworks/OpenCL.framework/Versions/A/OpenCL
0x00000000016cd000 	/System/Library/PrivateFrameworks/CrashReporterSupport.framework/Versions/A/CrashReporterSupport
0x00000000016cd000 	/System/Library/PrivateFrameworks/IconServices.framework/Versions/A/IconServices
0x00000000016cd000 	/System/Library/PrivateFrameworks/Apple80211.framework/Versions/A/Apple80211
0x00000000016cd000 	/System/Library/Frameworks/CoreWLAN.framework/Versions/A/CoreWLAN
0x00000000016cd000 	/System/Library/Frameworks/IOBluetooth.framework/Versions/A/IOBluetooth
0x00000000016cd000 	/System/Library/PrivateFrameworks/CoreWiFi.framework/Versions/A/CoreWiFi
0x00000000016cd000 	/System/Library/Frameworks/CoreBluetooth.framework/Versions/A/CoreBluetooth
0x00000000016cd000 	/System/Library/PrivateFrameworks/ChunkingLibrary.framework/Versions/A/ChunkingLibrary
0x00000000016cd000 	/System/Library/PrivateFrameworks/DebugSymbols.framework/Versions/A/DebugSymbols
0x00000000016cd000 	/System/Library/PrivateFrameworks/CoreSymbolication.framework/Versions/A/CoreSymbolication
0x00000000016cd000 	/System/Library/PrivateFrameworks/Symbolication.framework/Versions/A/Symbolication
0x00000000016cd000 	/System/Library/PrivateFrameworks/SpeechRecognitionCore.framework/Versions/A/SpeechRecognitionCore
0x0000000104200000 	/Library/Java/JavaVirtualMachines/jdk1.8.0_25.jdk/Contents/Home/jre/lib/server/libjvm.dylib
0x0000000103049000 	/usr/lib/libstdc++.6.dylib
0x0000000103100000 	/Library/Java/JavaVirtualMachines/jdk1.8.0_25.jdk/Contents/Home/jre/lib/libverify.dylib
0x000000010310e000 	/Library/Java/JavaVirtualMachines/jdk1.8.0_25.jdk/Contents/Home/jre/lib/libjava.dylib
0x000000010314c000 	/Library/Java/JavaVirtualMachines/jdk1.8.0_25.jdk/Contents/Home/jre/lib/libzip.dylib
0x00000001200fb000 	/System/Library/Frameworks/JavaVM.framework/Frameworks/JavaRuntimeSupport.framework/JavaRuntimeSupport
0x0000000120116000 	/System/Library/Frameworks/JavaVM.framework/Versions/A/Frameworks/JavaNativeFoundation.framework/Versions/A/JavaNativeFoundation
0x000000012012b000 	/System/Library/Frameworks/JavaVM.framework/Versions/A/JavaVM
0x00000000016cd000 	/System/Library/Frameworks/Carbon.framework/Versions/A/Carbon
0x0000000120138000 	/System/Library/PrivateFrameworks/JavaLaunching.framework/Versions/A/JavaLaunching
0x00000000016cd000 	/System/Library/Frameworks/Carbon.framework/Versions/A/Frameworks/CommonPanels.framework/Versions/A/CommonPanels
0x00000000016cd000 	/System/Library/Frameworks/Carbon.framework/Versions/A/Frameworks/Help.framework/Versions/A/Help
0x00000000016cd000 	/System/Library/Frameworks/Carbon.framework/Versions/A/Frameworks/ImageCapture.framework/Versions/A/ImageCapture
0x00000000016cd000 	/System/Library/Frameworks/Carbon.framework/Versions/A/Frameworks/OpenScripting.framework/Versions/A/OpenScripting
0x00000000016cd000 	/System/Library/Frameworks/Carbon.framework/Versions/A/Frameworks/Print.framework/Versions/A/Print
0x00000000016cd000 	/System/Library/Frameworks/Carbon.framework/Versions/A/Frameworks/SecurityHI.framework/Versions/A/SecurityHI
0x000000012255a000 	/Library/Java/JavaVirtualMachines/jdk1.8.0_25.jdk/Contents/Home/jre/lib/libmanagement.dylib
0x0000000122567000 	/Library/Java/JavaVirtualMachines/jdk1.8.0_25.jdk/Contents/Home/jre/lib/libnet.dylib
0x000000012257e000 	/Library/Java/JavaVirtualMachines/jdk1.8.0_25.jdk/Contents/Home/jre/lib/libnio.dylib
0x0000000122176000 	/Library/Java/JavaVirtualMachines/jdk1.8.0_25.jdk/Contents/Home/jre/lib/libosx.dylib
0x00000001221d4000 	/Library/Java/JavaVirtualMachines/jdk1.8.0_25.jdk/Contents/Home/jre/lib/./libosxapp.dylib
0x00000000016cd000 	/System/Library/Frameworks/ExceptionHandling.framework/Versions/A/ExceptionHandling
0x000000012202b000 	/Library/Java/JavaVirtualMachines/jdk1.8.0_25.jdk/Contents/Home/jre/lib/libjaas_unix.dylib

VM Arguments:
java_command: target/vectortile-server-0.1-SNAPSHOT-shaded.jar server server.conf
java_class_path (initial): target/vectortile-server-0.1-SNAPSHOT-shaded.jar
Launcher Type: SUN_STANDARD

Environment Variables:
JAVA_HOME=/Library/Java/JavaVirtualMachines/jdk1.8.0_25.jdk/Contents/Home
PATH=/usr/local/bin:/Library/Java/JavaVirtualMachines/jdk1.8.0_25.jdk/Contents/Home/bin:/Users/tim/dev/apache-tomcat-8.0.21/bin:/Applications/Postgres.app/Contents/Versions/9.3/bin:/usr/bin:/bin:/usr/sbin:/sbin:/usr/local/bin:/opt/X11/bin
SHELL=/bin/bash
DISPLAY=/private/tmp/com.apple.launchd.yXre58x9qZ/org.macosforge.xquartz:0

Signal Handlers:
SIGSEGV: [libjvm.dylib+0x579dc7], sa_mask[0]=11111111011111110111111111111111, sa_flags=SA_ONSTACK|SA_RESTART|SA_SIGINFO
SIGBUS: [libjvm.dylib+0x579dc7], sa_mask[0]=11111111011111110111111111111111, sa_flags=SA_RESTART|SA_SIGINFO
SIGFPE: [libjvm.dylib+0x45b030], sa_mask[0]=11111111011111110111111111111111, sa_flags=SA_RESTART|SA_SIGINFO
SIGPIPE: [libjvm.dylib+0x45b030], sa_mask[0]=11111111011111110111111111111111, sa_flags=SA_RESTART|SA_SIGINFO
SIGXFSZ: [libjvm.dylib+0x45b030], sa_mask[0]=11111111011111110111111111111111, sa_flags=SA_RESTART|SA_SIGINFO
SIGILL: [libjvm.dylib+0x45b030], sa_mask[0]=11111111011111110111111111111111, sa_flags=SA_RESTART|SA_SIGINFO
SIGUSR1: SIG_DFL, sa_mask[0]=11011111011111100000000111000110, sa_flags=none
SIGUSR2: [libjvm.dylib+0x45ab4e], sa_mask[0]=00000000000000000000000000000000, sa_flags=SA_RESTART|SA_SIGINFO
SIGHUP: [libjvm.dylib+0x459121], sa_mask[0]=11111111011111110111111111111111, sa_flags=SA_RESTART|SA_SIGINFO
SIGINT: [libjvm.dylib+0x459121], sa_mask[0]=11111111011111110111111111111111, sa_flags=SA_RESTART|SA_SIGINFO
SIGTERM: [libjvm.dylib+0x459121], sa_mask[0]=11111111011111110111111111111111, sa_flags=SA_RESTART|SA_SIGINFO
SIGQUIT: [libjvm.dylib+0x459121], sa_mask[0]=11111111011111110111111111111111, sa_flags=SA_RESTART|SA_SIGINFO


---------------  S Y S T E M  ---------------

OS:Bsduname:Darwin 15.4.0 Darwin Kernel Version 15.4.0: Fri Feb 26 22:08:05 PST 2016; root:xnu-3248.40.184~3/RELEASE_X86_64 x86_64
rlimit: STACK 8192k, CORE 0k, NPROC 709, NOFILE 10240, AS infinity
load average:2.66 2.74 2.34

CPU:total 8 (4 cores per cpu, 2 threads per core) family 6 model 70 stepping 1, cmov, cx8, fxsr, mmx, sse, sse2, sse3, ssse3, sse4.1, sse4.2, popcnt, avx, avx2, aes, clmul, erms, rtm, lzcnt, ht, tsc, tscinvbit, bmi1, bmi2

Memory: 4k page, physical 16777216k(608448k free)

/proc/meminfo:


vm_info: Java HotSpot(TM) 64-Bit Server VM (25.25-b02) for bsd-amd64 JRE (1.8.0_25-b17), built on Sep 17 2014 16:56:50 by "java_re" with gcc 4.2.1 (Based on Apple Inc. build 5658) (LLVM build 2336.11.00)

time: Wed May 18 13:43:12 2016
elapsed time: 11935 seconds (0d 3h 18m 55s)

